INFO:NN2-HIF_122277:Created Player NN2-HIF_1 with pid 1 and log file Game-0-NN2-HIF_1.log
INFO:NN2-HIF_122277:Player type: <class 'MoskaEngine.Player.NNHIFEvaluatorBot.NNHIFEvaluatorBot'>
INFO:NN2-HIF_122277:Thread started with ID 11872
DEBUG:NN2-HIF_122277:Lock acquired.
INFO:NN2-HIF_122277:Turn 2
INFO:NN2-HIF_122277:Playable moves: ['PlayToOther', 'Skip']
INFO:NN2-HIF_122277:Choosing move...
DEBUG:NN2-HIF_122277:Trump card: 2♥
Deck left: 27
Human (TG)       : [-1X, -1X, -1X, -1X, -1X, -1X]
NN2-HIF_1        : [-1X, -1X, -1X, -1X, -1X, -1X]
NN2-HIF_3        : [-1X, -1X, -1X, -1X, -1X, -1X]
NN2-HIF_2        : [-1X, -1X, -1X, -1X, -1X, -1X]
Cards to kill : [3♠]
killed cards : []

INFO:NN2-HIF_122277:Getting possible next states for move: PlayToOther
DEBUG:NN2-HIF_122277:Full information lifted cards: [3♥]
DEBUG:NN2-HIF_122277:Found 44 possible next states for move PlayToOther. Time taken: 0.002997875213623047
DEBUG:NN2-HIF_122277:Time taken to evaluate 44 states: 0.0159909725189209
DEBUG:NN2-HIF_122277:Sampled 44 possible states for [3♣]
INFO:NN2-HIF_122277:Unique plays: [[3♣]]
INFO:NN2-HIF_122277:Mean evals: [0.5923630581660704]
INFO:NN2-HIF_122277:Getting possible next states for move: Skip
DEBUG:NN2-HIF_122277:Found 1 possible next states for move Skip. Time taken: 0.0019991397857666016
DEBUG:NN2-HIF_122277:Time taken to evaluate 1 states: 0.0049970149993896484
INFO:NN2-HIF_122277:NMOVES: 27 , 2
INFO:NN2-HIF_122277:Move scores: {'PlayToOther': ([3♣], 0.5923630581660704), 'Skip': ([], 0.5716519355773926)}
INFO:NN2-HIF_122277:Playing best move: ('PlayToOther', ([3♣], 0.5923630581660704))
INFO:NN2-HIF_122277:Selected move: PlayToOther
INFO:NN2-HIF_122277:Turn 2: 'PlayToTarget' [3♣] -> Human
DEBUG:NN2-HIF_122277:Drew 1 cards from deck
DEBUG:NN2-HIF_122277:Set rank to None
DEBUG:NN2-HIF_122277:Lock acquired.
INFO:NN2-HIF_122277:Turn 6
INFO:NN2-HIF_122277:Playable moves: ['PlayToOther', 'Skip']
INFO:NN2-HIF_122277:Choosing move...
DEBUG:NN2-HIF_122277:Trump card: 2♥
Deck left: 26
Human (TG)       : [-1X, -1X, -1X, -1X, -1X, -1X]
NN2-HIF_1        : [-1X, -1X, -1X, -1X, -1X, -1X]
NN2-HIF_3        : [-1X, -1X, -1X, -1X, -1X, -1X]
NN2-HIF_2        : [-1X, -1X, -1X, -1X, -1X, -1X]
Cards to kill : [3♠, 3♣]
killed cards : []

INFO:NN2-HIF_122277:Getting possible next states for move: PlayToOther
DEBUG:NN2-HIF_122277:Full information lifted cards: [5♦]
DEBUG:NN2-HIF_122277:Found 43 possible next states for move PlayToOther. Time taken: 0.0029876232147216797
DEBUG:NN2-HIF_122277:Time taken to evaluate 43 states: 0.013992547988891602
DEBUG:NN2-HIF_122277:Sampled 43 possible states for [3♥]
INFO:NN2-HIF_122277:Unique plays: [[3♥]]
INFO:NN2-HIF_122277:Mean evals: [0.5992991563885711]
INFO:NN2-HIF_122277:Getting possible next states for move: Skip
DEBUG:NN2-HIF_122277:Found 1 possible next states for move Skip. Time taken: 0.0019991397857666016
DEBUG:NN2-HIF_122277:Time taken to evaluate 1 states: 0.0019996166229248047
INFO:NN2-HIF_122277:NMOVES: 26 , 2
INFO:NN2-HIF_122277:Move scores: {'PlayToOther': ([3♥], 0.5992991563885711), 'Skip': ([], 0.6241623163223267)}
INFO:NN2-HIF_122277:Playing best move: ('Skip', ([], 0.6241623163223267))
INFO:NN2-HIF_122277:Selected move: Skip
INFO:NN2-HIF_122277:Turn 6: 'Skip'
DEBUG:NN2-HIF_122277:Set rank to None
