INFO:Human476022:Created Player Human with pid 0 and log file Game-0-Human.log
INFO:Human476022:Player type: <class 'Player.HumanJsonPlayer.HumanJsonPlayer'>
INFO:Human476022:Thread started with ID 9840
DEBUG:Human476022:Lock acquired.
INFO:Human476022:Turn 3
INFO:Human476022:Playable moves: ['PlayFallFromHand', 'PlayFallFromDeck', 'Skip']
INFO:Human476022:Selected move: Skip
INFO:Human476022:Turn 3: 'Skip'
DEBUG:Human476022:Player set to NOT ready, because cards_to_fall
DEBUG:Human476022:Set rank to None
DEBUG:Human476022:Lock acquired.
INFO:Human476022:Turn 7
INFO:Human476022:Playable moves: ['EndTurn', 'PlayFallFromHand', 'PlayFallFromDeck']
INFO:Human476022:Input: PlayFallFromHand; 4,0
INFO:Human476022:Selected move: PlayFallFromHand
INFO:Human476022:Turn 7: 'PlayToFallFromHand' {7♦: 3♦}
DEBUG:Human476022:Set rank to None
DEBUG:Human476022:Lock acquired.
INFO:Human476022:Turn 11
INFO:Human476022:Playable moves: ['EndTurn']
INFO:Human476022:Input: EndTurn;n
INFO:Human476022:Selected move: EndTurn
INFO:Human476022:Turn 11: 'EndTurn' []
INFO:Human476022:Lifted cards []
INFO:Human476022:Removing [3♦, 7♦] from game
DEBUG:Human476022:Set rank to None
DEBUG:Human476022:Lock acquired.
DEBUG:Human476022:Target has changed from Human to NN2-HIF1
INFO:Human476022:Turn 15
INFO:Human476022:Playable moves: ['InitialPlay']
INFO:Human476022:Input: InitialPlay; 1
INFO:Human476022:Selected move: InitialPlay
INFO:Human476022:Turn 15: 'InitialPlay' [2♣] -> NN2-HIF1
DEBUG:Human476022:Drew 1 cards from deck
DEBUG:Human476022:Set rank to None
DEBUG:Human476022:Lock acquired.
INFO:Human476022:Turn 20
INFO:Human476022:Playable moves: ['Skip']
INFO:Human476022:Selected move: Skip
INFO:Human476022:Turn 20: 'Skip'
DEBUG:Human476022:Set rank to None
DEBUG:Human476022:Lock acquired.
INFO:Human476022:Turn 23
INFO:Human476022:Playable moves: ['Skip']
INFO:Human476022:Selected move: Skip
INFO:Human476022:Turn 23: 'Skip'
DEBUG:Human476022:Set rank to None
DEBUG:Human476022:Lock acquired.
INFO:Human476022:Turn 27
INFO:Human476022:Playable moves: ['PlayToOther', 'Skip']
INFO:Human476022:Input: PlayToOther; 0
INFO:Human476022:Selected move: PlayToOther
INFO:Human476022:Turn 27: 'PlayToTarget' [10♠] -> NN2-HIF1
DEBUG:Human476022:Drew 1 cards from deck
DEBUG:Human476022:Set rank to None
DEBUG:Human476022:Lock acquired.
INFO:Human476022:Turn 31
INFO:Human476022:Playable moves: ['Skip']
INFO:Human476022:Selected move: Skip
INFO:Human476022:Turn 31: 'Skip'
DEBUG:Human476022:Set rank to None
DEBUG:Human476022:Lock acquired.
INFO:Human476022:Turn 35
INFO:Human476022:Playable moves: ['Skip']
INFO:Human476022:Selected move: Skip
INFO:Human476022:Turn 35: 'Skip'
DEBUG:Human476022:Set rank to None
DEBUG:Human476022:Lock acquired.
DEBUG:Human476022:Target has changed from NN2-HIF1 to NN2-HIF3
INFO:Human476022:Turn 39
INFO:Human476022:Playable moves: ['Skip']
INFO:Human476022:Selected move: Skip
INFO:Human476022:Turn 39: 'Skip'
DEBUG:Human476022:Set rank to None
DEBUG:Human476022:Lock acquired.
INFO:Human476022:Turn 42
INFO:Human476022:Playable moves: ['Skip']
INFO:Human476022:Selected move: Skip
INFO:Human476022:Turn 42: 'Skip'
DEBUG:Human476022:Set rank to None
DEBUG:Human476022:Lock acquired.
DEBUG:Human476022:Target has changed from NN2-HIF3 to NN2-HIF1
INFO:Human476022:Turn 47
INFO:Human476022:Playable moves: ['InitialPlay']
INFO:Human476022:Input: InitialPlay; 3
INFO:Human476022:Selected move: InitialPlay
INFO:Human476022:Turn 47: 'InitialPlay' [5♣] -> NN2-HIF1
DEBUG:Human476022:Drew 1 cards from deck
DEBUG:Human476022:Set rank to None
DEBUG:Human476022:Lock acquired.
INFO:Human476022:Turn 52
INFO:Human476022:Playable moves: ['Skip']
INFO:Human476022:Selected move: Skip
INFO:Human476022:Turn 52: 'Skip'
DEBUG:Human476022:Set rank to None
DEBUG:Human476022:Lock acquired.
DEBUG:Human476022:Target has changed from NN2-HIF1 to NN2-HIF2
INFO:Human476022:Turn 54
INFO:Human476022:Playable moves: ['Skip']
INFO:Human476022:Selected move: Skip
INFO:Human476022:Turn 54: 'Skip'
DEBUG:Human476022:Set rank to None
DEBUG:Human476022:Lock acquired.
INFO:Human476022:Turn 60
INFO:Human476022:Playable moves: ['PlayToOther', 'Skip']
INFO:Human476022:Input: PlayToOther; 2
INFO:Human476022:Selected move: PlayToOther
INFO:Human476022:Turn 60: 'PlayToTarget' [6♣] -> NN2-HIF2
DEBUG:Human476022:Drew 1 cards from deck
DEBUG:Human476022:Set rank to None
DEBUG:Human476022:Lock acquired.
INFO:Human476022:Turn 64
INFO:Human476022:Playable moves: ['Skip']
INFO:Human476022:Selected move: Skip
INFO:Human476022:Turn 64: 'Skip'
DEBUG:Human476022:Set rank to None
DEBUG:Human476022:Lock acquired.
DEBUG:Human476022:Target has changed from NN2-HIF2 to Human
INFO:Human476022:Turn 69
INFO:Human476022:Playable moves: ['Skip']
INFO:Human476022:Selected move: Skip
INFO:Human476022:Turn 69: 'Skip'
DEBUG:Human476022:Set rank to None
DEBUG:Human476022:Lock acquired.
INFO:Human476022:Turn 72
INFO:Human476022:Playable moves: ['PlayToSelf', 'PlayFallFromHand', 'PlayFallFromDeck', 'Skip']
INFO:Human476022:Selected move: Skip
INFO:Human476022:Turn 72: 'Skip'
DEBUG:Human476022:Player set to NOT ready, because cards_to_fall
DEBUG:Human476022:Set rank to None
DEBUG:Human476022:Lock acquired.
INFO:Human476022:Turn 74
INFO:Human476022:Playable moves: ['EndTurn', 'PlayToSelf', 'PlayFallFromHand', 'PlayFallFromDeck']
INFO:Human476022:Input: PlayFallFromDeck;
INFO:Human476022:Selected move: PlayFallFromDeck
INFO:Human476022:Turn 74: 'PlayFallFromDeck'
INFO:Human476022:Playing kopled card 11♠ to 4♠
DEBUG:Human476022:Player set to NOT ready, because cards_to_fall
DEBUG:Human476022:Set rank to None
DEBUG:Human476022:Lock acquired.
INFO:Human476022:Turn 79
INFO:Human476022:Playable moves: ['EndTurn', 'PlayToSelf', 'PlayFallFromHand', 'PlayFallFromDeck']
INFO:Human476022:Input: PlayFallFromDeck;
INFO:Human476022:Selected move: PlayFallFromDeck
INFO:Human476022:Turn 79: 'PlayFallFromDeck'
DEBUG:Human476022:Adding 8♠ to cards_to_fall
DEBUG:Human476022:Player set to NOT ready, because cards_to_fall
DEBUG:Human476022:Set rank to None
DEBUG:Human476022:Lock acquired.
INFO:Human476022:Turn 83
INFO:Human476022:Playable moves: ['EndTurn', 'PlayToSelf', 'PlayFallFromHand']
INFO:Human476022:Input: PlayFallFromHand; 3,1
INFO:Human476022:Selected move: PlayFallFromHand
INFO:Human476022:Turn 83: 'PlayToFallFromHand' {9♠: 8♠}
DEBUG:Human476022:Player set to NOT ready, because cards_to_fall
DEBUG:Human476022:Set rank to None
DEBUG:Human476022:Lock acquired.
INFO:Human476022:Turn 88
INFO:Human476022:Playable moves: ['PlayToSelf', 'PlayFallFromHand', 'PlayFallFromDeck', 'Skip']
INFO:Human476022:Selected move: Skip
INFO:Human476022:Turn 88: 'Skip'
DEBUG:Human476022:Player set to NOT ready, because cards_to_fall
DEBUG:Human476022:Set rank to None
DEBUG:Human476022:Lock acquired.
INFO:Human476022:Turn 92
INFO:Human476022:Playable moves: ['EndTurn', 'PlayToSelf', 'PlayFallFromHand', 'PlayFallFromDeck']
INFO:Human476022:Input: PlayFallFromDeck;
INFO:Human476022:Selected move: PlayFallFromDeck
INFO:Human476022:Turn 92: 'PlayFallFromDeck'
INFO:Human476022:Playing kopled card 5♥ to 9♦
DEBUG:Human476022:Player set to NOT ready, because cards_to_fall
DEBUG:Human476022:Set rank to None
DEBUG:Human476022:Lock acquired.
INFO:Human476022:Turn 96
INFO:Human476022:Playable moves: ['PlayToSelf', 'PlayFallFromHand', 'PlayFallFromDeck', 'Skip']
INFO:Human476022:Selected move: Skip
INFO:Human476022:Turn 96: 'Skip'
DEBUG:Human476022:Player set to NOT ready, because cards_to_fall
DEBUG:Human476022:Set rank to None
DEBUG:Human476022:Lock acquired.
INFO:Human476022:Turn 100
INFO:Human476022:Playable moves: ['EndTurn', 'PlayToSelf', 'PlayFallFromHand', 'PlayFallFromDeck']
INFO:Human476022:Input: PlayFallFromDeck;
INFO:Human476022:Selected move: PlayFallFromDeck
INFO:Human476022:Turn 100: 'PlayFallFromDeck'
DEBUG:Human476022:Adding 14♣ to cards_to_fall
DEBUG:Human476022:Player set to NOT ready, because cards_to_fall
DEBUG:Human476022:Set rank to None
DEBUG:Human476022:Lock acquired.
INFO:Human476022:Turn 105
INFO:Human476022:Playable moves: ['EndTurn', 'PlayToSelf', 'PlayFallFromHand']
INFO:Human476022:Input: PlayFallFromHand; 0,4
INFO:Human476022:Selected move: PlayFallFromHand
INFO:Human476022:Turn 105: 'PlayToFallFromHand' {9♥: 14♣}
DEBUG:Human476022:Player set to NOT ready, because cards_to_fall
DEBUG:Human476022:Set rank to None
DEBUG:Human476022:Lock acquired.
INFO:Human476022:Turn 110
INFO:Human476022:Playable moves: ['EndTurn', 'PlayToSelf', 'PlayFallFromHand', 'PlayFallFromDeck']
INFO:Human476022:Input: PlayFallFromDeck;
INFO:Human476022:Selected move: PlayFallFromDeck
INFO:Human476022:Turn 110: 'PlayFallFromDeck'
DEBUG:Human476022:Adding 9♣ to cards_to_fall
DEBUG:Human476022:Player set to NOT ready, because cards_to_fall
DEBUG:Human476022:Set rank to None
DEBUG:Human476022:Lock acquired.
INFO:Human476022:Turn 116
INFO:Human476022:Playable moves: ['EndTurn', 'PlayToSelf', 'PlayFallFromHand']
INFO:Human476022:Input: PlayFallFromHand; 1,4
INFO:Human476022:Selected move: PlayFallFromHand
INFO:Human476022:Turn 116: 'PlayToFallFromHand' {11♣: 9♣}
DEBUG:Human476022:Player set to NOT ready, because cards_to_fall
DEBUG:Human476022:Set rank to None
DEBUG:Human476022:Lock acquired.
INFO:Human476022:Turn 122
INFO:Human476022:Playable moves: ['EndTurn', 'PlayToSelf', 'PlayFallFromHand', 'PlayFallFromDeck']
INFO:Human476022:Input: PlayFallFromDeck;
INFO:Human476022:Selected move: PlayFallFromDeck
INFO:Human476022:Turn 122: 'PlayFallFromDeck'
INFO:Human476022:Playing kopled card 11♥ to 8♦
DEBUG:Human476022:Player set to NOT ready, because cards_to_fall
DEBUG:Human476022:Set rank to None
DEBUG:Human476022:Lock acquired.
INFO:Human476022:Turn 126
INFO:Human476022:Playable moves: ['EndTurn', 'PlayToSelf', 'PlayFallFromHand', 'PlayFallFromDeck']
INFO:Human476022:Input: PlayFallFromDeck;
INFO:Human476022:Selected move: PlayFallFromDeck
INFO:Human476022:Turn 126: 'PlayFallFromDeck'
INFO:Human476022:Playing kopled card 4♥ to 5♦
DEBUG:Human476022:Player set to NOT ready, because cards_to_fall
DEBUG:Human476022:Set rank to None
DEBUG:Human476022:Lock acquired.
INFO:Human476022:Turn 131
INFO:Human476022:Playable moves: ['EndTurn', 'PlayToSelf', 'PlayFallFromHand', 'PlayFallFromDeck']
INFO:Human476022:Input: PlayFallFromDeck;
INFO:Human476022:Selected move: PlayFallFromDeck
INFO:Human476022:Turn 131: 'PlayFallFromDeck'
DEBUG:Human476022:Adding 3♣ to cards_to_fall
DEBUG:Human476022:Player set to NOT ready, because cards_to_fall
DEBUG:Human476022:Set rank to None
DEBUG:Human476022:Lock acquired.
INFO:Human476022:Turn 135
INFO:Human476022:Playable moves: ['EndTurn', 'PlayToSelf', 'PlayFallFromHand']
INFO:Human476022:Input: PlayFallFromHand; 1,2
INFO:Human476022:Selected move: PlayFallFromHand
INFO:Human476022:Turn 135: 'PlayToFallFromHand' {4♣: 3♣}
DEBUG:Human476022:Player set to NOT ready, because cards_to_fall
DEBUG:Human476022:Set rank to None
DEBUG:Human476022:Lock acquired.
INFO:Human476022:Turn 139
INFO:Human476022:Playable moves: ['EndTurn', 'PlayFallFromHand', 'PlayFallFromDeck']
INFO:Human476022:Input: PlayFallFromDeck;
INFO:Human476022:Selected move: PlayFallFromDeck
INFO:Human476022:Turn 139: 'PlayFallFromDeck'
INFO:Human476022:Playing kopled card 14♦ to 4♦
DEBUG:Human476022:Player set to NOT ready, because cards_to_fall
DEBUG:Human476022:Set rank to None
DEBUG:Human476022:Lock acquired.
INFO:Human476022:Turn 144
INFO:Human476022:Playable moves: ['EndTurn', 'PlayFallFromHand']
INFO:Human476022:Input: PlayFallFromHand; 0,0
INFO:Human476022:Selected move: PlayFallFromHand
INFO:Human476022:Turn 144: 'PlayToFallFromHand' {13♠: 5♠}
DEBUG:Human476022:Player set to NOT ready, because cards_to_fall
DEBUG:Human476022:Set rank to None
DEBUG:Human476022:Lock acquired.
INFO:Human476022:Turn 148
INFO:Human476022:Playable moves: ['EndTurn']
INFO:Human476022:Input: EndTurn;n
INFO:Human476022:Selected move: EndTurn
INFO:Human476022:Turn 148: 'EndTurn' [14♠]
INFO:Human476022:Lifted cards [14♠]
INFO:Human476022:Removing [4♠, 11♠, 8♠, 9♠, 9♦, 5♥, 14♣, 9♥, 9♣, 11♣, 8♦, 11♥, 5♦, 4♥, 3♣, 4♣, 4♦, 14♦, 5♠, 13♠] from game
DEBUG:Human476022:Set rank to None
DEBUG:Human476022:Lock acquired.
DEBUG:Human476022:Target has changed from Human to NN2-HIF2
INFO:Human476022:Turn 152
INFO:Human476022:Playable moves: ['PlayToOther', 'Skip']
INFO:Human476022:Input: PlayToOther; 0
INFO:Human476022:Selected move: PlayToOther
INFO:Human476022:Turn 152: 'PlayToTarget' [12♣] -> NN2-HIF2
DEBUG:Human476022:Drew 5 cards from deck
DEBUG:Human476022:Set rank to None
DEBUG:Human476022:Lock acquired.
INFO:Human476022:Turn 156
INFO:Human476022:Playable moves: ['Skip']
INFO:Human476022:Selected move: Skip
INFO:Human476022:Turn 156: 'Skip'
DEBUG:Human476022:Set rank to None
DEBUG:Human476022:Lock acquired.
INFO:Human476022:Turn 160
INFO:Human476022:Playable moves: ['Skip']
INFO:Human476022:Selected move: Skip
INFO:Human476022:Turn 160: 'Skip'
DEBUG:Human476022:Set rank to None
DEBUG:Human476022:Lock acquired.
INFO:Human476022:Turn 164
INFO:Human476022:Playable moves: ['Skip']
INFO:Human476022:Selected move: Skip
INFO:Human476022:Turn 164: 'Skip'
DEBUG:Human476022:Set rank to None
DEBUG:Human476022:Lock acquired.
DEBUG:Human476022:Target has changed from NN2-HIF2 to Human
INFO:Human476022:Turn 168
INFO:Human476022:Playable moves: ['Skip']
INFO:Human476022:Selected move: Skip
INFO:Human476022:Turn 168: 'Skip'
DEBUG:Human476022:Set rank to None
DEBUG:Human476022:Lock acquired.
INFO:Human476022:Turn 171
INFO:Human476022:Playable moves: ['Skip']
INFO:Human476022:Selected move: Skip
INFO:Human476022:Turn 171: 'Skip'
DEBUG:Human476022:Player set to NOT ready, because cards_to_fall
DEBUG:Human476022:Set rank to None
DEBUG:Human476022:Lock acquired.
INFO:Human476022:Turn 174
INFO:Human476022:Playable moves: ['EndTurn']
INFO:Human476022:Input: EndTurn;n
INFO:Human476022:Selected move: EndTurn
INFO:Human476022:Turn 174: 'EndTurn' [13♣]
INFO:Human476022:Lifted cards [13♣]
INFO:Human476022:Removing [] from game
DEBUG:Human476022:Set rank to None
DEBUG:Human476022:Lock acquired.
DEBUG:Human476022:Target has changed from Human to NN2-HIF2
INFO:Human476022:Turn 179
INFO:Human476022:Playable moves: ['PlayToOther', 'Skip']
INFO:Human476022:Input: PlayToOther; 1
INFO:Human476022:Selected move: PlayToOther
INFO:Human476022:Turn 179: 'PlayToTarget' [13♣] -> NN2-HIF2
DEBUG:Human476022:Drew 5 cards from deck
DEBUG:Human476022:Set rank to None
DEBUG:Human476022:Lock acquired.
INFO:Human476022:Turn 185
INFO:Human476022:Playable moves: ['Skip']
INFO:Human476022:Selected move: Skip
INFO:Human476022:Turn 185: 'Skip'
DEBUG:Human476022:Set rank to None
DEBUG:Human476022:Lock acquired.
INFO:Human476022:Turn 190
INFO:Human476022:Playable moves: ['Skip']
INFO:Human476022:Selected move: Skip
INFO:Human476022:Turn 190: 'Skip'
DEBUG:Human476022:Set rank to None
DEBUG:Human476022:Lock acquired.
DEBUG:Human476022:Target has changed from NN2-HIF2 to Human
INFO:Human476022:Turn 194
INFO:Human476022:Playable moves: ['Skip']
INFO:Human476022:Selected move: Skip
INFO:Human476022:Turn 194: 'Skip'
DEBUG:Human476022:Set rank to None
DEBUG:Human476022:Lock acquired.
INFO:Human476022:Turn 196
INFO:Human476022:Playable moves: ['Skip']
INFO:Human476022:Selected move: Skip
INFO:Human476022:Turn 196: 'Skip'
DEBUG:Human476022:Player set to NOT ready, because cards_to_fall
DEBUG:Human476022:Set rank to None
DEBUG:Human476022:Lock acquired.
INFO:Human476022:Turn 200
INFO:Human476022:Playable moves: ['EndTurn']
INFO:Human476022:Input: EndTurn;n
INFO:Human476022:Selected move: EndTurn
INFO:Human476022:Turn 200: 'EndTurn' [2♥]
INFO:Human476022:Lifted cards [2♥]
INFO:Human476022:Removing [] from game
DEBUG:Human476022:Set rank to None
DEBUG:Human476022:Lock acquired.
DEBUG:Human476022:Target has changed from Human to NN2-HIF2
INFO:Human476022:Turn 205
INFO:Human476022:Playable moves: ['Skip']
INFO:Human476022:Selected move: Skip
INFO:Human476022:Turn 205: 'Skip'
DEBUG:Human476022:Set rank to None
DEBUG:Human476022:Lock acquired.
DEBUG:Human476022:Target has changed from NN2-HIF2 to Human
INFO:Human476022:Turn 208
INFO:Human476022:Playable moves: ['Skip']
INFO:Human476022:Selected move: Skip
INFO:Human476022:Turn 208: 'Skip'
DEBUG:Human476022:Set rank to None
DEBUG:Human476022:Lock acquired.
INFO:Human476022:Turn 211
INFO:Human476022:Playable moves: ['Skip']
INFO:Human476022:Selected move: Skip
INFO:Human476022:Turn 211: 'Skip'
DEBUG:Human476022:Player set to NOT ready, because cards_to_fall
DEBUG:Human476022:Set rank to None
DEBUG:Human476022:Lock acquired.
INFO:Human476022:Turn 214
INFO:Human476022:Playable moves: ['EndTurn']
INFO:Human476022:Input: EndTurn;n
INFO:Human476022:Selected move: EndTurn
INFO:Human476022:Turn 214: 'EndTurn' [14♥]
INFO:Human476022:Lifted cards [14♥]
INFO:Human476022:Removing [] from game
DEBUG:Human476022:Set rank to None
DEBUG:Human476022:Lock acquired.
DEBUG:Human476022:Target has changed from Human to NN2-HIF2
INFO:Human476022:Turn 218
INFO:Human476022:Playable moves: ['InitialPlay']
INFO:Human476022:Input: InitialPlay; 0,2
INFO:Human476022:Selected move: InitialPlay
INFO:Human476022:Turn 218: 'InitialPlay' [14♠, 14♥] -> NN2-HIF2
DEBUG:Human476022:Drew 5 cards from deck
DEBUG:Human476022:Set rank to None
DEBUG:Human476022:Lock acquired.
INFO:Human476022:Turn 220
INFO:Human476022:Playable moves: ['Skip']
INFO:Human476022:Selected move: Skip
INFO:Human476022:Turn 220: 'Skip'
DEBUG:Human476022:Set rank to None
DEBUG:Human476022:Lock acquired.
INFO:Human476022:Turn 222
INFO:Human476022:Playable moves: ['InitialPlay']
INFO:Human476022:Input: InitialPlay; 0
INFO:Human476022:Selected move: InitialPlay
INFO:Human476022:Turn 222: 'InitialPlay' [2♥] -> NN2-HIF2
DEBUG:Human476022:Drew 6 cards from deck
DEBUG:Human476022:Set rank to 3
INFO:Human476022:Finished as 3
